datetime="2023-03-08 04:27:57.1521" eventId=0 logLevel="DEBUG" logger="PedeLogo.Catalogo.Api.Program" message="init main" exception=""
datetime="2023-03-08 04:27:57.5002" eventId=0 logLevel="INFO" logger="Microsoft.Hosting.Lifetime" message="Now listening on: http://[::]:80" exception=""
datetime="2023-03-08 04:27:57.5205" eventId=0 logLevel="INFO" logger="Microsoft.Hosting.Lifetime" message="Application started. Press Ctrl+C to shut down." exception=""
datetime="2023-03-08 04:27:57.5300" eventId=0 logLevel="INFO" logger="Microsoft.Hosting.Lifetime" message="Hosting environment: Production" exception=""
datetime="2023-03-08 04:27:57.5407" eventId=0 logLevel="INFO" logger="Microsoft.Hosting.Lifetime" message="Content root path: /app" exception=""
datetime="2023-03-08 04:27:58.1424" eventId=0 logLevel="INFO" logger="PedeLogo.Catalogo.Api.Controllers.ProdutoController" message="Entrou no Get All" exception=""
datetime="2023-03-08 04:27:59.3067" eventId=0 logLevel="INFO" logger="PedeLogo.Catalogo.Api.Controllers.ProdutoController" message="Entrou no Get All" exception=""
datetime="2023-03-08 04:28:00.4450" eventId=0 logLevel="INFO" logger="PedeLogo.Catalogo.Api.Controllers.ProdutoController" message="Entrou no Get All" exception=""
datetime="2023-03-08 04:28:01.5905" eventId=0 logLevel="INFO" logger="PedeLogo.Catalogo.Api.Controllers.ProdutoController" message="Entrou no Get All" exception=""
datetime="2023-03-08 04:28:02.7439" eventId=0 logLevel="INFO" logger="PedeLogo.Catalogo.Api.Controllers.ProdutoController" message="Entrou no Get All" exception=""
datetime="2023-03-08 04:28:03.8899" eventId=0 logLevel="INFO" logger="PedeLogo.Catalogo.Api.Controllers.ProdutoController" message="Entrou no Get All" exception=""
datetime="2023-03-08 04:28:05.0287" eventId=0 logLevel="INFO" logger="PedeLogo.Catalogo.Api.Controllers.ProdutoController" message="Entrou no Get All" exception=""
datetime="2023-03-08 04:28:06.1877" eventId=0 logLevel="INFO" logger="PedeLogo.Catalogo.Api.Controllers.ProdutoController" message="Entrou no Get All" exception=""
datetime="2023-03-08 04:28:07.3248" eventId=0 logLevel="INFO" logger="PedeLogo.Catalogo.Api.Controllers.ProdutoController" message="Entrou no Get All" exception=""
datetime="2023-03-08 04:28:08.4807" eventId=0 logLevel="INFO" logger="PedeLogo.Catalogo.Api.Controllers.ProdutoController" message="Entrou no Get All" exception=""
datetime="2023-03-08 04:28:09.6172" eventId=0 logLevel="INFO" logger="PedeLogo.Catalogo.Api.Controllers.ProdutoController" message="Entrou no Get All" exception=""
datetime="2023-03-08 04:28:10.7729" eventId=0 logLevel="INFO" logger="PedeLogo.Catalogo.Api.Controllers.ProdutoController" message="Entrou no Get All" exception=""
datetime="2023-03-08 04:28:11.9108" eventId=0 logLevel="INFO" logger="PedeLogo.Catalogo.Api.Controllers.ProdutoController" message="Entrou no Get All" exception=""
datetime="2023-03-08 04:28:13.0595" eventId=0 logLevel="INFO" logger="PedeLogo.Catalogo.Api.Controllers.ProdutoController" message="Entrou no Get All" exception=""
datetime="2023-03-08 04:28:14.2041" eventId=0 logLevel="INFO" logger="PedeLogo.Catalogo.Api.Controllers.ProdutoController" message="Entrou no Get All" exception=""
datetime="2023-03-08 04:28:15.3523" eventId=0 logLevel="INFO" logger="PedeLogo.Catalogo.Api.Controllers.ProdutoController" message="Entrou no Get All" exception=""
datetime="2023-03-08 04:28:16.4843" eventId=0 logLevel="INFO" logger="PedeLogo.Catalogo.Api.Controllers.ProdutoController" message="Entrou no Get All" exception=""
datetime="2023-03-08 04:28:17.6294" eventId=0 logLevel="INFO" logger="PedeLogo.Catalogo.Api.Controllers.ProdutoController" message="Entrou no Get All" exception=""
datetime="2023-03-08 04:28:18.7640" eventId=0 logLevel="INFO" logger="PedeLogo.Catalogo.Api.Controllers.ProdutoController" message="Entrou no Get All" exception=""
datetime="2023-03-08 04:28:19.9073" eventId=0 logLevel="INFO" logger="PedeLogo.Catalogo.Api.Controllers.ProdutoController" message="Entrou no Get All" exception=""
datetime="2023-03-08 04:28:21.0414" eventId=0 logLevel="INFO" logger="PedeLogo.Catalogo.Api.Controllers.ProdutoController" message="Entrou no Get All" exception=""
datetime="2023-03-08 04:28:22.1937" eventId=0 logLevel="INFO" logger="PedeLogo.Catalogo.Api.Controllers.ProdutoController" message="Entrou no Get All" exception=""
datetime="2023-03-08 04:28:37.3031" eventId=0 logLevel="DEBUG" logger="PedeLogo.Catalogo.Api.Program" message="init main" exception=""
datetime="2023-03-08 04:28:37.6738" eventId=0 logLevel="INFO" logger="Microsoft.Hosting.Lifetime" message="Now listening on: http://[::]:80" exception=""
datetime="2023-03-08 04:28:37.6886" eventId=0 logLevel="INFO" logger="Microsoft.Hosting.Lifetime" message="Application started. Press Ctrl+C to shut down." exception=""
datetime="2023-03-08 04:28:37.6886" eventId=0 logLevel="INFO" logger="Microsoft.Hosting.Lifetime" message="Hosting environment: Production" exception=""
datetime="2023-03-08 04:28:37.7035" eventId=0 logLevel="INFO" logger="Microsoft.Hosting.Lifetime" message="Content root path: /app" exception=""
datetime="2023-03-08 04:28:38.5969" eventId=0 logLevel="INFO" logger="PedeLogo.Catalogo.Api.Controllers.ProdutoController" message="Entrou no Get All" exception=""
datetime="2023-03-08 04:28:39.7737" eventId=0 logLevel="INFO" logger="PedeLogo.Catalogo.Api.Controllers.ProdutoController" message="Entrou no Get All" exception=""
datetime="2023-03-08 04:28:40.9400" eventId=0 logLevel="INFO" logger="PedeLogo.Catalogo.Api.Controllers.ProdutoController" message="Entrou no Get All" exception=""
datetime="2023-03-08 04:28:42.0727" eventId=0 logLevel="INFO" logger="PedeLogo.Catalogo.Api.Controllers.ProdutoController" message="Entrou no Get All" exception=""
datetime="2023-03-08 04:28:43.2276" eventId=0 logLevel="INFO" logger="PedeLogo.Catalogo.Api.Controllers.ProdutoController" message="Entrou no Get All" exception=""
datetime="2023-03-08 04:28:44.3833" eventId=0 logLevel="INFO" logger="PedeLogo.Catalogo.Api.Controllers.ProdutoController" message="Entrou no Get All" exception=""
datetime="2023-03-08 04:28:45.5094" eventId=0 logLevel="INFO" logger="PedeLogo.Catalogo.Api.Controllers.ProdutoController" message="Entrou no Get All" exception=""
datetime="2023-03-08 04:28:46.6415" eventId=0 logLevel="INFO" logger="PedeLogo.Catalogo.Api.Controllers.ProdutoController" message="Entrou no Get All" exception=""
datetime="2023-03-08 04:28:47.7901" eventId=0 logLevel="INFO" logger="PedeLogo.Catalogo.Api.Controllers.ProdutoController" message="Entrou no Get All" exception=""
datetime="2023-03-08 04:28:48.9169" eventId=0 logLevel="INFO" logger="PedeLogo.Catalogo.Api.Controllers.ProdutoController" message="Entrou no Get All" exception=""
datetime="2023-03-08 04:28:50.0503" eventId=0 logLevel="INFO" logger="PedeLogo.Catalogo.Api.Controllers.ProdutoController" message="Entrou no Get All" exception=""
datetime="2023-03-08 04:28:51.1930" eventId=0 logLevel="INFO" logger="PedeLogo.Catalogo.Api.Controllers.ProdutoController" message="Entrou no Get All" exception=""
datetime="2023-03-08 04:28:52.3252" eventId=0 logLevel="INFO" logger="PedeLogo.Catalogo.Api.Controllers.ProdutoController" message="Entrou no Get All" exception=""
datetime="2023-03-08 04:28:53.4627" eventId=0 logLevel="INFO" logger="PedeLogo.Catalogo.Api.Controllers.ProdutoController" message="Entrou no Get All" exception=""
datetime="2023-03-08 04:28:54.5915" eventId=0 logLevel="INFO" logger="PedeLogo.Catalogo.Api.Controllers.ProdutoController" message="Entrou no Get All" exception=""
datetime="2023-03-08 04:28:55.7336" eventId=0 logLevel="INFO" logger="PedeLogo.Catalogo.Api.Controllers.ProdutoController" message="Entrou no Get All" exception=""
datetime="2023-03-08 04:28:56.8712" eventId=0 logLevel="INFO" logger="PedeLogo.Catalogo.Api.Controllers.ProdutoController" message="Entrou no Get All" exception=""
datetime="2023-03-08 04:28:58.0007" eventId=0 logLevel="INFO" logger="PedeLogo.Catalogo.Api.Controllers.ProdutoController" message="Entrou no Get All" exception=""
datetime="2023-03-08 04:28:59.1420" eventId=0 logLevel="INFO" logger="PedeLogo.Catalogo.Api.Controllers.ProdutoController" message="Entrou no Get All" exception=""
datetime="2023-03-08 04:29:00.2894" eventId=0 logLevel="INFO" logger="PedeLogo.Catalogo.Api.Controllers.ProdutoController" message="Entrou no Get All" exception=""
datetime="2023-03-08 04:29:01.4110" eventId=0 logLevel="INFO" logger="PedeLogo.Catalogo.Api.Controllers.ProdutoController" message="Entrou no Get All" exception=""
datetime="2023-03-08 04:29:02.5272" eventId=0 logLevel="INFO" logger="PedeLogo.Catalogo.Api.Controllers.ProdutoController" message="Entrou no Get All" exception=""
datetime="2023-03-08 04:29:03.6470" eventId=0 logLevel="INFO" logger="PedeLogo.Catalogo.Api.Controllers.ProdutoController" message="Entrou no Get All" exception=""
datetime="2023-03-08 04:29:04.7769" eventId=0 logLevel="INFO" logger="PedeLogo.Catalogo.Api.Controllers.ProdutoController" message="Entrou no Get All" exception=""
datetime="2023-03-08 04:29:05.9061" eventId=0 logLevel="INFO" logger="PedeLogo.Catalogo.Api.Controllers.ProdutoController" message="Entrou no Get All" exception=""
datetime="2023-03-08 04:29:07.0472" eventId=0 logLevel="INFO" logger="PedeLogo.Catalogo.Api.Controllers.ProdutoController" message="Entrou no Get All" exception=""
datetime="2023-03-08 04:29:08.1868" eventId=0 logLevel="INFO" logger="PedeLogo.Catalogo.Api.Controllers.ProdutoController" message="Entrou no Get All" exception=""
datetime="2023-03-08 04:29:09.3191" eventId=0 logLevel="INFO" logger="PedeLogo.Catalogo.Api.Controllers.ProdutoController" message="Entrou no Get All" exception=""
datetime="2023-03-08 04:29:10.4375" eventId=0 logLevel="INFO" logger="PedeLogo.Catalogo.Api.Controllers.ProdutoController" message="Entrou no Get All" exception=""
datetime="2023-03-08 04:29:11.5548" eventId=0 logLevel="INFO" logger="PedeLogo.Catalogo.Api.Controllers.ProdutoController" message="Entrou no Get All" exception=""
datetime="2023-03-08 04:29:12.6710" eventId=0 logLevel="INFO" logger="PedeLogo.Catalogo.Api.Controllers.ProdutoController" message="Entrou no Get All" exception=""
datetime="2023-03-08 04:29:13.8089" eventId=0 logLevel="INFO" logger="PedeLogo.Catalogo.Api.Controllers.ProdutoController" message="Entrou no Get All" exception=""
datetime="2023-03-08 04:29:14.9558" eventId=0 logLevel="INFO" logger="PedeLogo.Catalogo.Api.Controllers.ProdutoController" message="Entrou no Get All" exception=""
datetime="2023-03-08 04:29:16.0852" eventId=0 logLevel="INFO" logger="PedeLogo.Catalogo.Api.Controllers.ProdutoController" message="Entrou no Get All" exception=""
datetime="2023-03-08 04:29:17.2030" eventId=0 logLevel="INFO" logger="PedeLogo.Catalogo.Api.Controllers.ProdutoController" message="Entrou no Get All" exception=""
datetime="2023-03-08 04:29:18.3357" eventId=0 logLevel="INFO" logger="PedeLogo.Catalogo.Api.Controllers.ProdutoController" message="Entrou no Get All" exception=""
datetime="2023-03-08 04:29:19.4707" eventId=0 logLevel="INFO" logger="PedeLogo.Catalogo.Api.Controllers.ProdutoController" message="Entrou no Get All" exception=""
datetime="2023-03-08 04:29:20.6134" eventId=0 logLevel="INFO" logger="PedeLogo.Catalogo.Api.Controllers.ProdutoController" message="Entrou no Get All" exception=""
datetime="2023-03-08 04:29:21.7347" eventId=0 logLevel="INFO" logger="PedeLogo.Catalogo.Api.Controllers.ProdutoController" message="Entrou no Get All" exception=""
datetime="2023-03-08 04:29:22.8730" eventId=0 logLevel="INFO" logger="PedeLogo.Catalogo.Api.Controllers.ProdutoController" message="Entrou no Get All" exception=""
datetime="2023-03-08 04:29:24.0058" eventId=0 logLevel="INFO" logger="PedeLogo.Catalogo.Api.Controllers.ProdutoController" message="Entrou no Get All" exception=""
datetime="2023-03-08 04:29:25.1311" eventId=0 logLevel="INFO" logger="PedeLogo.Catalogo.Api.Controllers.ProdutoController" message="Entrou no Get All" exception=""
datetime="2023-03-08 04:29:26.2473" eventId=0 logLevel="INFO" logger="PedeLogo.Catalogo.Api.Controllers.ProdutoController" message="Entrou no Get All" exception=""
datetime="2023-03-08 04:29:27.3861" eventId=0 logLevel="INFO" logger="PedeLogo.Catalogo.Api.Controllers.ProdutoController" message="Entrou no Get All" exception=""
datetime="2023-03-08 04:29:28.5216" eventId=0 logLevel="INFO" logger="PedeLogo.Catalogo.Api.Controllers.ProdutoController" message="Entrou no Get All" exception=""
datetime="2023-03-08 04:29:29.6408" eventId=0 logLevel="INFO" logger="PedeLogo.Catalogo.Api.Controllers.ProdutoController" message="Entrou no Get All" exception=""
datetime="2023-03-08 04:29:30.7753" eventId=0 logLevel="INFO" logger="PedeLogo.Catalogo.Api.Controllers.ProdutoController" message="Entrou no Get All" exception=""
datetime="2023-03-08 04:29:31.8937" eventId=0 logLevel="INFO" logger="PedeLogo.Catalogo.Api.Controllers.ProdutoController" message="Entrou no Get All" exception=""
datetime="2023-03-08 04:29:33.0141" eventId=0 logLevel="INFO" logger="PedeLogo.Catalogo.Api.Controllers.ProdutoController" message="Entrou no Get All" exception=""
datetime="2023-03-08 04:29:34.1559" eventId=0 logLevel="INFO" logger="PedeLogo.Catalogo.Api.Controllers.ProdutoController" message="Entrou no Get All" exception=""
datetime="2023-03-08 04:29:35.2873" eventId=0 logLevel="INFO" logger="PedeLogo.Catalogo.Api.Controllers.ProdutoController" message="Entrou no Get All" exception=""
datetime="2023-03-08 04:29:36.4257" eventId=0 logLevel="INFO" logger="PedeLogo.Catalogo.Api.Controllers.ProdutoController" message="Entrou no Get All" exception=""
datetime="2023-03-08 04:29:37.5776" eventId=0 logLevel="INFO" logger="PedeLogo.Catalogo.Api.Controllers.ProdutoController" message="Entrou no Get All" exception=""
datetime="2023-03-08 04:29:38.7076" eventId=0 logLevel="INFO" logger="PedeLogo.Catalogo.Api.Controllers.ProdutoController" message="Entrou no Get All" exception=""
datetime="2023-03-08 04:29:39.8356" eventId=0 logLevel="INFO" logger="PedeLogo.Catalogo.Api.Controllers.ProdutoController" message="Entrou no Get All" exception=""
datetime="2023-03-08 04:29:40.9819" eventId=0 logLevel="INFO" logger="PedeLogo.Catalogo.Api.Controllers.ProdutoController" message="Entrou no Get All" exception=""
datetime="2023-03-08 04:29:42.1306" eventId=0 logLevel="INFO" logger="PedeLogo.Catalogo.Api.Controllers.ProdutoController" message="Entrou no Get All" exception=""
datetime="2023-03-08 04:29:43.2484" eventId=0 logLevel="INFO" logger="PedeLogo.Catalogo.Api.Controllers.ProdutoController" message="Entrou no Get All" exception=""
datetime="2023-03-08 04:29:44.3980" eventId=0 logLevel="INFO" logger="PedeLogo.Catalogo.Api.Controllers.ProdutoController" message="Entrou no Get All" exception=""
datetime="2023-03-08 04:29:45.5378" eventId=0 logLevel="INFO" logger="PedeLogo.Catalogo.Api.Controllers.ProdutoController" message="Entrou no Get All" exception=""
datetime="2023-03-08 04:29:46.6796" eventId=0 logLevel="INFO" logger="PedeLogo.Catalogo.Api.Controllers.ProdutoController" message="Entrou no Get All" exception=""
datetime="2023-03-08 04:29:47.8160" eventId=0 logLevel="INFO" logger="PedeLogo.Catalogo.Api.Controllers.ProdutoController" message="Entrou no Get All" exception=""
datetime="2023-03-08 04:29:48.9679" eventId=0 logLevel="INFO" logger="PedeLogo.Catalogo.Api.Controllers.ProdutoController" message="Entrou no Get All" exception=""
datetime="2023-03-08 04:29:50.1198" eventId=0 logLevel="INFO" logger="PedeLogo.Catalogo.Api.Controllers.ProdutoController" message="Entrou no Get All" exception=""
datetime="2023-03-08 04:29:51.2354" eventId=0 logLevel="INFO" logger="PedeLogo.Catalogo.Api.Controllers.ProdutoController" message="Entrou no Get All" exception=""
datetime="2023-03-08 04:29:52.3557" eventId=0 logLevel="INFO" logger="PedeLogo.Catalogo.Api.Controllers.ProdutoController" message="Entrou no Get All" exception=""
datetime="2023-03-08 04:29:53.4866" eventId=0 logLevel="INFO" logger="PedeLogo.Catalogo.Api.Controllers.ProdutoController" message="Entrou no Get All" exception=""
datetime="2023-03-08 04:29:54.6109" eventId=0 logLevel="INFO" logger="PedeLogo.Catalogo.Api.Controllers.ProdutoController" message="Entrou no Get All" exception=""
datetime="2023-03-08 04:29:55.7476" eventId=0 logLevel="INFO" logger="PedeLogo.Catalogo.Api.Controllers.ProdutoController" message="Entrou no Get All" exception=""
datetime="2023-03-08 04:29:56.8638" eventId=0 logLevel="INFO" logger="PedeLogo.Catalogo.Api.Controllers.ProdutoController" message="Entrou no Get All" exception=""
datetime="2023-03-08 04:29:57.9945" eventId=0 logLevel="INFO" logger="PedeLogo.Catalogo.Api.Controllers.ProdutoController" message="Entrou no Get All" exception=""
datetime="2023-03-08 04:29:59.1158" eventId=0 logLevel="INFO" logger="PedeLogo.Catalogo.Api.Controllers.ProdutoController" message="Entrou no Get All" exception=""
datetime="2023-03-08 04:30:00.2383" eventId=0 logLevel="INFO" logger="PedeLogo.Catalogo.Api.Controllers.ProdutoController" message="Entrou no Get All" exception=""
datetime="2023-03-08 04:30:01.3687" eventId=0 logLevel="INFO" logger="PedeLogo.Catalogo.Api.Controllers.ProdutoController" message="Entrou no Get All" exception=""
datetime="2023-03-08 04:30:02.4923" eventId=0 logLevel="INFO" logger="PedeLogo.Catalogo.Api.Controllers.ProdutoController" message="Entrou no Get All" exception=""
datetime="2023-03-08 04:30:03.6263" eventId=0 logLevel="INFO" logger="PedeLogo.Catalogo.Api.Controllers.ProdutoController" message="Entrou no Get All" exception=""
datetime="2023-03-08 04:30:04.7590" eventId=0 logLevel="INFO" logger="PedeLogo.Catalogo.Api.Controllers.ProdutoController" message="Entrou no Get All" exception=""
datetime="2023-03-08 04:30:05.8792" eventId=0 logLevel="INFO" logger="PedeLogo.Catalogo.Api.Controllers.ProdutoController" message="Entrou no Get All" exception=""
datetime="2023-03-08 04:30:07.0013" eventId=0 logLevel="INFO" logger="PedeLogo.Catalogo.Api.Controllers.ProdutoController" message="Entrou no Get All" exception=""
datetime="2023-03-08 04:30:08.1365" eventId=0 logLevel="INFO" logger="PedeLogo.Catalogo.Api.Controllers.ProdutoController" message="Entrou no Get All" exception=""
datetime="2023-03-08 04:30:09.2678" eventId=0 logLevel="INFO" logger="PedeLogo.Catalogo.Api.Controllers.ProdutoController" message="Entrou no Get All" exception=""
datetime="2023-03-08 04:30:10.3899" eventId=0 logLevel="INFO" logger="PedeLogo.Catalogo.Api.Controllers.ProdutoController" message="Entrou no Get All" exception=""
datetime="2023-03-08 04:30:11.5328" eventId=0 logLevel="INFO" logger="PedeLogo.Catalogo.Api.Controllers.ProdutoController" message="Entrou no Get All" exception=""
datetime="2023-03-08 04:30:12.6714" eventId=0 logLevel="INFO" logger="PedeLogo.Catalogo.Api.Controllers.ProdutoController" message="Entrou no Get All" exception=""
datetime="2023-03-08 04:30:13.8028" eventId=0 logLevel="INFO" logger="PedeLogo.Catalogo.Api.Controllers.ProdutoController" message="Entrou no Get All" exception=""
datetime="2023-03-08 04:30:14.9218" eventId=0 logLevel="INFO" logger="PedeLogo.Catalogo.Api.Controllers.ProdutoController" message="Entrou no Get All" exception=""
datetime="2023-03-08 04:30:16.0540" eventId=0 logLevel="INFO" logger="PedeLogo.Catalogo.Api.Controllers.ProdutoController" message="Entrou no Get All" exception=""
datetime="2023-03-08 04:30:17.1888" eventId=0 logLevel="INFO" logger="PedeLogo.Catalogo.Api.Controllers.ProdutoController" message="Entrou no Get All" exception=""
datetime="2023-03-08 04:30:18.3153" eventId=0 logLevel="INFO" logger="PedeLogo.Catalogo.Api.Controllers.ProdutoController" message="Entrou no Get All" exception=""
datetime="2023-03-08 04:30:19.4642" eventId=0 logLevel="INFO" logger="PedeLogo.Catalogo.Api.Controllers.ProdutoController" message="Entrou no Get All" exception=""
datetime="2023-03-08 04:30:20.5973" eventId=0 logLevel="INFO" logger="PedeLogo.Catalogo.Api.Controllers.ProdutoController" message="Entrou no Get All" exception=""
datetime="2023-03-08 04:30:21.7349" eventId=0 logLevel="INFO" logger="PedeLogo.Catalogo.Api.Controllers.ProdutoController" message="Entrou no Get All" exception=""
datetime="2023-03-08 04:30:22.8803" eventId=0 logLevel="INFO" logger="PedeLogo.Catalogo.Api.Controllers.ProdutoController" message="Entrou no Get All" exception=""
datetime="2023-03-08 04:30:24.0138" eventId=0 logLevel="INFO" logger="PedeLogo.Catalogo.Api.Controllers.ProdutoController" message="Entrou no Get All" exception=""
datetime="2023-03-08 04:30:25.1450" eventId=0 logLevel="INFO" logger="PedeLogo.Catalogo.Api.Controllers.ProdutoController" message="Entrou no Get All" exception=""
datetime="2023-03-08 04:30:26.2849" eventId=0 logLevel="INFO" logger="PedeLogo.Catalogo.Api.Controllers.ProdutoController" message="Entrou no Get All" exception=""
datetime="2023-03-08 04:30:27.4227" eventId=0 logLevel="INFO" logger="PedeLogo.Catalogo.Api.Controllers.ProdutoController" message="Entrou no Get All" exception=""
datetime="2023-03-08 04:30:28.5552" eventId=0 logLevel="INFO" logger="PedeLogo.Catalogo.Api.Controllers.ProdutoController" message="Entrou no Get All" exception=""
datetime="2023-03-08 04:30:29.7153" eventId=0 logLevel="INFO" logger="PedeLogo.Catalogo.Api.Controllers.ProdutoController" message="Entrou no Get All" exception=""
datetime="2023-03-08 04:30:30.8600" eventId=0 logLevel="INFO" logger="PedeLogo.Catalogo.Api.Controllers.ProdutoController" message="Entrou no Get All" exception=""
datetime="2023-03-08 04:30:31.9947" eventId=0 logLevel="INFO" logger="PedeLogo.Catalogo.Api.Controllers.ProdutoController" message="Entrou no Get All" exception=""
datetime="2023-03-08 04:30:33.1156" eventId=0 logLevel="INFO" logger="PedeLogo.Catalogo.Api.Controllers.ProdutoController" message="Entrou no Get All" exception=""
datetime="2023-03-08 04:30:34.2354" eventId=0 logLevel="INFO" logger="PedeLogo.Catalogo.Api.Controllers.ProdutoController" message="Entrou no Get All" exception=""
datetime="2023-03-08 04:30:35.3828" eventId=0 logLevel="INFO" logger="PedeLogo.Catalogo.Api.Controllers.ProdutoController" message="Entrou no Get All" exception=""
datetime="2023-03-08 04:30:36.5027" eventId=0 logLevel="INFO" logger="PedeLogo.Catalogo.Api.Controllers.ProdutoController" message="Entrou no Get All" exception=""
datetime="2023-03-08 04:30:37.6246" eventId=0 logLevel="INFO" logger="PedeLogo.Catalogo.Api.Controllers.ProdutoController" message="Entrou no Get All" exception=""
datetime="2023-03-08 04:30:38.7754" eventId=0 logLevel="INFO" logger="PedeLogo.Catalogo.Api.Controllers.ProdutoController" message="Entrou no Get All" exception=""
datetime="2023-03-08 04:30:39.9066" eventId=0 logLevel="INFO" logger="PedeLogo.Catalogo.Api.Controllers.ProdutoController" message="Entrou no Get All" exception=""
datetime="2023-03-08 04:30:41.0412" eventId=0 logLevel="INFO" logger="PedeLogo.Catalogo.Api.Controllers.ProdutoController" message="Entrou no Get All" exception=""
datetime="2023-03-08 04:30:42.1653" eventId=0 logLevel="INFO" logger="PedeLogo.Catalogo.Api.Controllers.ProdutoController" message="Entrou no Get All" exception=""
datetime="2023-03-08 04:30:43.2904" eventId=0 logLevel="INFO" logger="PedeLogo.Catalogo.Api.Controllers.ProdutoController" message="Entrou no Get All" exception=""
datetime="2023-03-08 04:30:44.4055" eventId=0 logLevel="INFO" logger="PedeLogo.Catalogo.Api.Controllers.ProdutoController" message="Entrou no Get All" exception=""
datetime="2023-03-08 04:30:45.5567" eventId=0 logLevel="INFO" logger="PedeLogo.Catalogo.Api.Controllers.ProdutoController" message="Entrou no Get All" exception=""
datetime="2023-03-08 04:30:46.6772" eventId=0 logLevel="INFO" logger="PedeLogo.Catalogo.Api.Controllers.ProdutoController" message="Entrou no Get All" exception=""
datetime="2023-03-08 04:30:47.7954" eventId=0 logLevel="INFO" logger="PedeLogo.Catalogo.Api.Controllers.ProdutoController" message="Entrou no Get All" exception=""
datetime="2023-03-08 04:30:48.9306" eventId=0 logLevel="INFO" logger="PedeLogo.Catalogo.Api.Controllers.ProdutoController" message="Entrou no Get All" exception=""
datetime="2023-03-08 04:30:50.0514" eventId=0 logLevel="INFO" logger="PedeLogo.Catalogo.Api.Controllers.ProdutoController" message="Entrou no Get All" exception=""
datetime="2023-03-08 04:30:51.1832" eventId=0 logLevel="INFO" logger="PedeLogo.Catalogo.Api.Controllers.ProdutoController" message="Entrou no Get All" exception=""
datetime="2023-03-08 04:30:52.3053" eventId=0 logLevel="INFO" logger="PedeLogo.Catalogo.Api.Controllers.ProdutoController" message="Entrou no Get All" exception=""
datetime="2023-03-08 04:30:53.4476" eventId=0 logLevel="INFO" logger="PedeLogo.Catalogo.Api.Controllers.ProdutoController" message="Entrou no Get All" exception=""
datetime="2023-03-08 04:30:54.5935" eventId=0 logLevel="INFO" logger="PedeLogo.Catalogo.Api.Controllers.ProdutoController" message="Entrou no Get All" exception=""
datetime="2023-03-08 04:30:55.7403" eventId=0 logLevel="INFO" logger="PedeLogo.Catalogo.Api.Controllers.ProdutoController" message="Entrou no Get All" exception=""
datetime="2023-03-08 04:30:56.8626" eventId=0 logLevel="INFO" logger="PedeLogo.Catalogo.Api.Controllers.ProdutoController" message="Entrou no Get All" exception=""
datetime="2023-03-08 04:30:57.9847" eventId=0 logLevel="INFO" logger="PedeLogo.Catalogo.Api.Controllers.ProdutoController" message="Entrou no Get All" exception=""
datetime="2023-03-08 04:30:59.1192" eventId=0 logLevel="INFO" logger="PedeLogo.Catalogo.Api.Controllers.ProdutoController" message="Entrou no Get All" exception=""
datetime="2023-03-08 04:31:00.2427" eventId=0 logLevel="INFO" logger="PedeLogo.Catalogo.Api.Controllers.ProdutoController" message="Entrou no Get All" exception=""
datetime="2023-03-08 04:31:01.3668" eventId=0 logLevel="INFO" logger="PedeLogo.Catalogo.Api.Controllers.ProdutoController" message="Entrou no Get All" exception=""
datetime="2023-03-08 04:31:02.4826" eventId=0 logLevel="INFO" logger="PedeLogo.Catalogo.Api.Controllers.ProdutoController" message="Entrou no Get All" exception=""
datetime="2023-03-08 04:31:03.6288" eventId=0 logLevel="INFO" logger="PedeLogo.Catalogo.Api.Controllers.ProdutoController" message="Entrou no Get All" exception=""
datetime="2023-03-08 04:31:04.7483" eventId=0 logLevel="INFO" logger="PedeLogo.Catalogo.Api.Controllers.ProdutoController" message="Entrou no Get All" exception=""
datetime="2023-03-08 04:31:05.8822" eventId=0 logLevel="INFO" logger="PedeLogo.Catalogo.Api.Controllers.ProdutoController" message="Entrou no Get All" exception=""
datetime="2023-03-08 04:31:07.0055" eventId=0 logLevel="INFO" logger="PedeLogo.Catalogo.Api.Controllers.ProdutoController" message="Entrou no Get All" exception=""
datetime="2023-03-08 04:31:08.1267" eventId=0 logLevel="INFO" logger="PedeLogo.Catalogo.Api.Controllers.ProdutoController" message="Entrou no Get All" exception=""
datetime="2023-03-08 04:31:09.2496" eventId=0 logLevel="INFO" logger="PedeLogo.Catalogo.Api.Controllers.ProdutoController" message="Entrou no Get All" exception=""
datetime="2023-03-08 04:31:10.3849" eventId=0 logLevel="INFO" logger="PedeLogo.Catalogo.Api.Controllers.ProdutoController" message="Entrou no Get All" exception=""
datetime="2023-03-08 04:31:11.5054" eventId=0 logLevel="INFO" logger="PedeLogo.Catalogo.Api.Controllers.ProdutoController" message="Entrou no Get All" exception=""
datetime="2023-03-08 04:31:12.6390" eventId=0 logLevel="INFO" logger="PedeLogo.Catalogo.Api.Controllers.ProdutoController" message="Entrou no Get All" exception=""
datetime="2023-03-08 04:31:13.7581" eventId=0 logLevel="INFO" logger="PedeLogo.Catalogo.Api.Controllers.ProdutoController" message="Entrou no Get All" exception=""
datetime="2023-03-08 04:31:14.8917" eventId=0 logLevel="INFO" logger="PedeLogo.Catalogo.Api.Controllers.ProdutoController" message="Entrou no Get All" exception=""
datetime="2023-03-08 04:31:16.0197" eventId=0 logLevel="INFO" logger="PedeLogo.Catalogo.Api.Controllers.ProdutoController" message="Entrou no Get All" exception=""
datetime="2023-03-08 04:31:17.1411" eventId=0 logLevel="INFO" logger="PedeLogo.Catalogo.Api.Controllers.ProdutoController" message="Entrou no Get All" exception=""
datetime="2023-03-08 04:31:18.2916" eventId=0 logLevel="INFO" logger="PedeLogo.Catalogo.Api.Controllers.ProdutoController" message="Entrou no Get All" exception=""
datetime="2023-03-08 04:31:19.4242" eventId=0 logLevel="INFO" logger="PedeLogo.Catalogo.Api.Controllers.ProdutoController" message="Entrou no Get All" exception=""
datetime="2023-03-08 04:31:20.5735" eventId=0 logLevel="INFO" logger="PedeLogo.Catalogo.Api.Controllers.ProdutoController" message="Entrou no Get All" exception=""
datetime="2023-03-08 04:31:21.6936" eventId=0 logLevel="INFO" logger="PedeLogo.Catalogo.Api.Controllers.ProdutoController" message="Entrou no Get All" exception=""
datetime="2023-03-08 04:31:22.8115" eventId=0 logLevel="INFO" logger="PedeLogo.Catalogo.Api.Controllers.ProdutoController" message="Entrou no Get All" exception=""
datetime="2023-03-08 04:31:23.9630" eventId=0 logLevel="INFO" logger="PedeLogo.Catalogo.Api.Controllers.ProdutoController" message="Entrou no Get All" exception=""
datetime="2023-03-08 04:31:25.0832" eventId=0 logLevel="INFO" logger="PedeLogo.Catalogo.Api.Controllers.ProdutoController" message="Entrou no Get All" exception=""
datetime="2023-03-08 04:31:26.2037" eventId=0 logLevel="INFO" logger="PedeLogo.Catalogo.Api.Controllers.ProdutoController" message="Entrou no Get All" exception=""
datetime="2023-03-08 04:31:27.3400" eventId=0 logLevel="INFO" logger="PedeLogo.Catalogo.Api.Controllers.ProdutoController" message="Entrou no Get All" exception=""
datetime="2023-03-08 04:31:28.4853" eventId=0 logLevel="INFO" logger="PedeLogo.Catalogo.Api.Controllers.ProdutoController" message="Entrou no Get All" exception=""
datetime="2023-03-08 04:31:29.6172" eventId=0 logLevel="INFO" logger="PedeLogo.Catalogo.Api.Controllers.ProdutoController" message="Entrou no Get All" exception=""
datetime="2023-03-08 04:31:30.7535" eventId=0 logLevel="INFO" logger="PedeLogo.Catalogo.Api.Controllers.ProdutoController" message="Entrou no Get All" exception=""
datetime="2023-03-08 04:31:31.8817" eventId=0 logLevel="INFO" logger="PedeLogo.Catalogo.Api.Controllers.ProdutoController" message="Entrou no Get All" exception=""
datetime="2023-03-08 04:31:33.0142" eventId=0 logLevel="INFO" logger="PedeLogo.Catalogo.Api.Controllers.ProdutoController" message="Entrou no Get All" exception=""
datetime="2023-03-08 04:31:34.1440" eventId=0 logLevel="INFO" logger="PedeLogo.Catalogo.Api.Controllers.ProdutoController" message="Entrou no Get All" exception=""
datetime="2023-03-08 04:31:35.2834" eventId=0 logLevel="INFO" logger="PedeLogo.Catalogo.Api.Controllers.ProdutoController" message="Entrou no Get All" exception=""
datetime="2023-03-08 04:31:36.4340" eventId=0 logLevel="INFO" logger="PedeLogo.Catalogo.Api.Controllers.ProdutoController" message="Entrou no Get All" exception=""
datetime="2023-03-08 04:31:37.5783" eventId=0 logLevel="INFO" logger="PedeLogo.Catalogo.Api.Controllers.ProdutoController" message="Entrou no Get All" exception=""
datetime="2023-03-08 04:31:38.7296" eventId=0 logLevel="INFO" logger="PedeLogo.Catalogo.Api.Controllers.ProdutoController" message="Entrou no Get All" exception=""
datetime="2023-03-08 04:31:39.8653" eventId=0 logLevel="INFO" logger="PedeLogo.Catalogo.Api.Controllers.ProdutoController" message="Entrou no Get All" exception=""
datetime="2023-03-08 04:31:40.9969" eventId=0 logLevel="INFO" logger="PedeLogo.Catalogo.Api.Controllers.ProdutoController" message="Entrou no Get All" exception=""
datetime="2023-03-08 04:31:42.1341" eventId=0 logLevel="INFO" logger="PedeLogo.Catalogo.Api.Controllers.ProdutoController" message="Entrou no Get All" exception=""
datetime="2023-03-08 04:31:43.2550" eventId=0 logLevel="INFO" logger="PedeLogo.Catalogo.Api.Controllers.ProdutoController" message="Entrou no Get All" exception=""
datetime="2023-03-08 04:31:44.3758" eventId=0 logLevel="INFO" logger="PedeLogo.Catalogo.Api.Controllers.ProdutoController" message="Entrou no Get All" exception=""
datetime="2023-03-08 04:31:45.4979" eventId=0 logLevel="INFO" logger="PedeLogo.Catalogo.Api.Controllers.ProdutoController" message="Entrou no Get All" exception=""
datetime="2023-03-08 04:31:46.6368" eventId=0 logLevel="INFO" logger="PedeLogo.Catalogo.Api.Controllers.ProdutoController" message="Entrou no Get All" exception=""
datetime="2023-03-08 04:31:47.7561" eventId=0 logLevel="INFO" logger="PedeLogo.Catalogo.Api.Controllers.ProdutoController" message="Entrou no Get All" exception=""
datetime="2023-03-08 04:31:48.8822" eventId=0 logLevel="INFO" logger="PedeLogo.Catalogo.Api.Controllers.ProdutoController" message="Entrou no Get All" exception=""
datetime="2023-03-08 04:31:49.9986" eventId=0 logLevel="INFO" logger="PedeLogo.Catalogo.Api.Controllers.ProdutoController" message="Entrou no Get All" exception=""
datetime="2023-03-08 04:31:51.1204" eventId=0 logLevel="INFO" logger="PedeLogo.Catalogo.Api.Controllers.ProdutoController" message="Entrou no Get All" exception=""
datetime="2023-03-08 04:31:52.2394" eventId=0 logLevel="INFO" logger="PedeLogo.Catalogo.Api.Controllers.ProdutoController" message="Entrou no Get All" exception=""
datetime="2023-03-08 04:31:53.3612" eventId=0 logLevel="INFO" logger="PedeLogo.Catalogo.Api.Controllers.ProdutoController" message="Entrou no Get All" exception=""
datetime="2023-03-08 04:31:54.4975" eventId=0 logLevel="INFO" logger="PedeLogo.Catalogo.Api.Controllers.ProdutoController" message="Entrou no Get All" exception=""
datetime="2023-03-08 04:31:55.6375" eventId=0 logLevel="INFO" logger="PedeLogo.Catalogo.Api.Controllers.ProdutoController" message="Entrou no Get All" exception=""
datetime="2023-03-08 04:31:56.7568" eventId=0 logLevel="INFO" logger="PedeLogo.Catalogo.Api.Controllers.ProdutoController" message="Entrou no Get All" exception=""
datetime="2023-03-08 04:31:57.8870" eventId=0 logLevel="INFO" logger="PedeLogo.Catalogo.Api.Controllers.ProdutoController" message="Entrou no Get All" exception=""
datetime="2023-03-08 04:31:59.0208" eventId=0 logLevel="INFO" logger="PedeLogo.Catalogo.Api.Controllers.ProdutoController" message="Entrou no Get All" exception=""
datetime="2023-03-08 04:32:00.1561" eventId=0 logLevel="INFO" logger="PedeLogo.Catalogo.Api.Controllers.ProdutoController" message="Entrou no Get All" exception=""
datetime="2023-03-08 04:32:01.3452" eventId=0 logLevel="INFO" logger="PedeLogo.Catalogo.Api.Controllers.ProdutoController" message="Entrou no Get All" exception=""
datetime="2023-03-08 04:32:02.5384" eventId=0 logLevel="INFO" logger="PedeLogo.Catalogo.Api.Controllers.ProdutoController" message="Entrou no Get All" exception=""
datetime="2023-03-08 04:32:03.6765" eventId=0 logLevel="INFO" logger="PedeLogo.Catalogo.Api.Controllers.ProdutoController" message="Entrou no Get All" exception=""
datetime="2023-03-08 04:32:04.8486" eventId=0 logLevel="INFO" logger="PedeLogo.Catalogo.Api.Controllers.ProdutoController" message="Entrou no Get All" exception=""
datetime="2023-03-08 04:32:06.0008" eventId=0 logLevel="INFO" logger="PedeLogo.Catalogo.Api.Controllers.ProdutoController" message="Entrou no Get All" exception=""
datetime="2023-03-08 04:32:07.1443" eventId=0 logLevel="INFO" logger="PedeLogo.Catalogo.Api.Controllers.ProdutoController" message="Entrou no Get All" exception=""
datetime="2023-03-08 04:32:08.2926" eventId=0 logLevel="INFO" logger="PedeLogo.Catalogo.Api.Controllers.ProdutoController" message="Entrou no Get All" exception=""
datetime="2023-03-08 04:32:09.4429" eventId=0 logLevel="INFO" logger="PedeLogo.Catalogo.Api.Controllers.ProdutoController" message="Entrou no Get All" exception=""
datetime="2023-03-08 04:32:10.5798" eventId=0 logLevel="INFO" logger="PedeLogo.Catalogo.Api.Controllers.ProdutoController" message="Entrou no Get All" exception=""
datetime="2023-03-08 04:32:11.7248" eventId=0 logLevel="INFO" logger="PedeLogo.Catalogo.Api.Controllers.ProdutoController" message="Entrou no Get All" exception=""
datetime="2023-03-08 04:32:12.8617" eventId=0 logLevel="INFO" logger="PedeLogo.Catalogo.Api.Controllers.ProdutoController" message="Entrou no Get All" exception=""
datetime="2023-03-08 04:32:14.0101" eventId=0 logLevel="INFO" logger="PedeLogo.Catalogo.Api.Controllers.ProdutoController" message="Entrou no Get All" exception=""
datetime="2023-03-08 04:32:15.1389" eventId=0 logLevel="INFO" logger="PedeLogo.Catalogo.Api.Controllers.ProdutoController" message="Entrou no Get All" exception=""
datetime="2023-03-08 04:32:16.2873" eventId=0 logLevel="INFO" logger="PedeLogo.Catalogo.Api.Controllers.ProdutoController" message="Entrou no Get All" exception=""
datetime="2023-03-08 04:32:17.4245" eventId=0 logLevel="INFO" logger="PedeLogo.Catalogo.Api.Controllers.ProdutoController" message="Entrou no Get All" exception=""
datetime="2023-03-08 04:32:18.5563" eventId=0 logLevel="INFO" logger="PedeLogo.Catalogo.Api.Controllers.ProdutoController" message="Entrou no Get All" exception=""
datetime="2023-03-08 04:32:19.6859" eventId=0 logLevel="INFO" logger="PedeLogo.Catalogo.Api.Controllers.ProdutoController" message="Entrou no Get All" exception=""
datetime="2023-03-08 04:32:20.8489" eventId=0 logLevel="INFO" logger="PedeLogo.Catalogo.Api.Controllers.ProdutoController" message="Entrou no Get All" exception=""
datetime="2023-03-08 04:32:21.9803" eventId=0 logLevel="INFO" logger="PedeLogo.Catalogo.Api.Controllers.ProdutoController" message="Entrou no Get All" exception=""
datetime="2023-03-08 04:32:23.1015" eventId=0 logLevel="INFO" logger="PedeLogo.Catalogo.Api.Controllers.ProdutoController" message="Entrou no Get All" exception=""
datetime="2023-03-08 04:32:30.7665" eventId=0 logLevel="DEBUG" logger="PedeLogo.Catalogo.Api.Program" message="init main" exception=""
datetime="2023-03-08 04:32:31.1421" eventId=0 logLevel="INFO" logger="Microsoft.Hosting.Lifetime" message="Now listening on: http://[::]:80" exception=""
datetime="2023-03-08 04:32:31.1562" eventId=0 logLevel="INFO" logger="Microsoft.Hosting.Lifetime" message="Application started. Press Ctrl+C to shut down." exception=""
datetime="2023-03-08 04:32:31.1659" eventId=0 logLevel="INFO" logger="Microsoft.Hosting.Lifetime" message="Hosting environment: Production" exception=""
datetime="2023-03-08 04:32:31.1752" eventId=0 logLevel="INFO" logger="Microsoft.Hosting.Lifetime" message="Content root path: /app" exception=""
datetime="2023-03-08 04:32:32.6309" eventId=0 logLevel="INFO" logger="PedeLogo.Catalogo.Api.Controllers.ProdutoController" message="Entrou no Get All" exception=""
datetime="2023-03-08 04:32:33.7988" eventId=0 logLevel="INFO" logger="PedeLogo.Catalogo.Api.Controllers.ProdutoController" message="Entrou no Get All" exception=""
datetime="2023-03-08 04:32:34.9385" eventId=0 logLevel="INFO" logger="PedeLogo.Catalogo.Api.Controllers.ProdutoController" message="Entrou no Get All" exception=""
datetime="2023-03-08 04:32:36.0743" eventId=0 logLevel="INFO" logger="PedeLogo.Catalogo.Api.Controllers.ProdutoController" message="Entrou no Get All" exception=""
datetime="2023-03-08 04:32:37.2187" eventId=0 logLevel="INFO" logger="PedeLogo.Catalogo.Api.Controllers.ProdutoController" message="Entrou no Get All" exception=""
datetime="2023-03-08 04:32:38.3822" eventId=0 logLevel="INFO" logger="PedeLogo.Catalogo.Api.Controllers.ProdutoController" message="Entrou no Get All" exception=""
datetime="2023-03-08 04:32:39.5399" eventId=0 logLevel="INFO" logger="PedeLogo.Catalogo.Api.Controllers.ProdutoController" message="Entrou no Get All" exception=""
datetime="2023-03-08 04:32:40.6598" eventId=0 logLevel="INFO" logger="PedeLogo.Catalogo.Api.Controllers.ProdutoController" message="Entrou no Get All" exception=""
datetime="2023-03-08 04:32:41.7944" eventId=0 logLevel="INFO" logger="PedeLogo.Catalogo.Api.Controllers.ProdutoController" message="Entrou no Get All" exception=""
datetime="2023-03-08 04:32:42.9288" eventId=0 logLevel="INFO" logger="PedeLogo.Catalogo.Api.Controllers.ProdutoController" message="Entrou no Get All" exception=""
datetime="2023-03-08 04:32:44.0638" eventId=0 logLevel="INFO" logger="PedeLogo.Catalogo.Api.Controllers.ProdutoController" message="Entrou no Get All" exception=""
datetime="2023-03-08 04:32:45.2035" eventId=0 logLevel="INFO" logger="PedeLogo.Catalogo.Api.Controllers.ProdutoController" message="Entrou no Get All" exception=""
datetime="2023-03-08 04:32:46.3328" eventId=0 logLevel="INFO" logger="PedeLogo.Catalogo.Api.Controllers.ProdutoController" message="Entrou no Get All" exception=""
datetime="2023-03-08 04:32:47.4659" eventId=0 logLevel="INFO" logger="PedeLogo.Catalogo.Api.Controllers.ProdutoController" message="Entrou no Get All" exception=""
datetime="2023-03-08 04:32:48.5973" eventId=0 logLevel="INFO" logger="PedeLogo.Catalogo.Api.Controllers.ProdutoController" message="Entrou no Get All" exception=""
datetime="2023-03-08 04:32:49.7245" eventId=0 logLevel="INFO" logger="PedeLogo.Catalogo.Api.Controllers.ProdutoController" message="Entrou no Get All" exception=""
datetime="2023-03-08 04:32:50.8551" eventId=0 logLevel="INFO" logger="PedeLogo.Catalogo.Api.Controllers.ProdutoController" message="Entrou no Get All" exception=""
datetime="2023-03-08 04:32:51.9905" eventId=0 logLevel="INFO" logger="PedeLogo.Catalogo.Api.Controllers.ProdutoController" message="Entrou no Get All" exception=""
datetime="2023-03-08 04:32:53.1212" eventId=0 logLevel="INFO" logger="PedeLogo.Catalogo.Api.Controllers.ProdutoController" message="Entrou no Get All" exception=""
datetime="2023-03-08 04:32:54.2596" eventId=0 logLevel="INFO" logger="PedeLogo.Catalogo.Api.Controllers.ProdutoController" message="Entrou no Get All" exception=""
datetime="2023-03-08 04:32:55.3837" eventId=0 logLevel="INFO" logger="PedeLogo.Catalogo.Api.Controllers.ProdutoController" message="Entrou no Get All" exception=""
datetime="2023-03-08 04:32:56.5199" eventId=0 logLevel="INFO" logger="PedeLogo.Catalogo.Api.Controllers.ProdutoController" message="Entrou no Get All" exception=""
datetime="2023-03-08 04:32:57.6548" eventId=0 logLevel="INFO" logger="PedeLogo.Catalogo.Api.Controllers.ProdutoController" message="Entrou no Get All" exception=""
datetime="2023-03-08 04:32:58.8020" eventId=0 logLevel="INFO" logger="PedeLogo.Catalogo.Api.Controllers.ProdutoController" message="Entrou no Get All" exception=""
datetime="2023-03-08 04:32:59.9348" eventId=0 logLevel="INFO" logger="PedeLogo.Catalogo.Api.Controllers.ProdutoController" message="Entrou no Get All" exception=""
datetime="2023-03-08 04:33:01.0777" eventId=0 logLevel="INFO" logger="PedeLogo.Catalogo.Api.Controllers.ProdutoController" message="Entrou no Get All" exception=""
datetime="2023-03-08 04:33:02.2053" eventId=0 logLevel="INFO" logger="PedeLogo.Catalogo.Api.Controllers.ProdutoController" message="Entrou no Get All" exception=""
datetime="2023-03-08 04:33:03.4037" eventId=0 logLevel="INFO" logger="PedeLogo.Catalogo.Api.Controllers.ProdutoController" message="Entrou no Get All" exception=""
datetime="2023-03-08 04:33:04.5440" eventId=0 logLevel="INFO" logger="PedeLogo.Catalogo.Api.Controllers.ProdutoController" message="Entrou no Get All" exception=""
datetime="2023-03-08 04:33:05.6759" eventId=0 logLevel="INFO" logger="PedeLogo.Catalogo.Api.Controllers.ProdutoController" message="Entrou no Get All" exception=""
datetime="2023-03-08 04:33:06.8285" eventId=0 logLevel="INFO" logger="PedeLogo.Catalogo.Api.Controllers.ProdutoController" message="Entrou no Get All" exception=""
datetime="2023-03-08 04:33:07.9892" eventId=0 logLevel="INFO" logger="PedeLogo.Catalogo.Api.Controllers.ProdutoController" message="Entrou no Get All" exception=""
datetime="2023-03-08 04:33:09.1136" eventId=0 logLevel="INFO" logger="PedeLogo.Catalogo.Api.Controllers.ProdutoController" message="Entrou no Get All" exception=""
datetime="2023-03-08 04:33:10.2493" eventId=0 logLevel="INFO" logger="PedeLogo.Catalogo.Api.Controllers.ProdutoController" message="Entrou no Get All" exception=""
datetime="2023-03-08 04:33:11.3967" eventId=0 logLevel="INFO" logger="PedeLogo.Catalogo.Api.Controllers.ProdutoController" message="Entrou no Get All" exception=""
datetime="2023-03-08 04:33:12.5257" eventId=0 logLevel="INFO" logger="PedeLogo.Catalogo.Api.Controllers.ProdutoController" message="Entrou no Get All" exception=""
datetime="2023-03-08 04:33:13.6753" eventId=0 logLevel="INFO" logger="PedeLogo.Catalogo.Api.Controllers.ProdutoController" message="Entrou no Get All" exception=""
datetime="2023-03-08 04:33:14.8113" eventId=0 logLevel="INFO" logger="PedeLogo.Catalogo.Api.Controllers.ProdutoController" message="Entrou no Get All" exception=""
datetime="2023-03-08 04:33:15.9590" eventId=0 logLevel="INFO" logger="PedeLogo.Catalogo.Api.Controllers.ProdutoController" message="Entrou no Get All" exception=""
datetime="2023-03-08 04:33:17.0926" eventId=0 logLevel="INFO" logger="PedeLogo.Catalogo.Api.Controllers.ProdutoController" message="Entrou no Get All" exception=""
datetime="2023-03-08 04:33:18.2381" eventId=0 logLevel="INFO" logger="PedeLogo.Catalogo.Api.Controllers.ProdutoController" message="Entrou no Get All" exception=""
datetime="2023-03-08 04:33:19.3887" eventId=0 logLevel="INFO" logger="PedeLogo.Catalogo.Api.Controllers.ProdutoController" message="Entrou no Get All" exception=""
datetime="2023-03-08 04:33:20.5242" eventId=0 logLevel="INFO" logger="PedeLogo.Catalogo.Api.Controllers.ProdutoController" message="Entrou no Get All" exception=""
datetime="2023-03-08 04:33:21.6450" eventId=0 logLevel="INFO" logger="PedeLogo.Catalogo.Api.Controllers.ProdutoController" message="Entrou no Get All" exception=""
datetime="2023-03-08 04:33:22.7756" eventId=0 logLevel="INFO" logger="PedeLogo.Catalogo.Api.Controllers.ProdutoController" message="Entrou no Get All" exception=""
datetime="2023-03-08 04:33:23.9239" eventId=0 logLevel="INFO" logger="PedeLogo.Catalogo.Api.Controllers.ProdutoController" message="Entrou no Get All" exception=""
datetime="2023-03-08 04:33:25.0753" eventId=0 logLevel="INFO" logger="PedeLogo.Catalogo.Api.Controllers.ProdutoController" message="Entrou no Get All" exception=""
datetime="2023-03-08 04:33:26.2127" eventId=0 logLevel="INFO" logger="PedeLogo.Catalogo.Api.Controllers.ProdutoController" message="Entrou no Get All" exception=""
datetime="2023-03-08 04:33:27.3410" eventId=0 logLevel="INFO" logger="PedeLogo.Catalogo.Api.Controllers.ProdutoController" message="Entrou no Get All" exception=""
datetime="2023-03-08 04:33:28.5111" eventId=0 logLevel="INFO" logger="PedeLogo.Catalogo.Api.Controllers.ProdutoController" message="Entrou no Get All" exception=""
datetime="2023-03-08 04:33:29.6632" eventId=0 logLevel="INFO" logger="PedeLogo.Catalogo.Api.Controllers.ProdutoController" message="Entrou no Get All" exception=""
datetime="2023-03-08 04:33:30.8009" eventId=0 logLevel="INFO" logger="PedeLogo.Catalogo.Api.Controllers.ProdutoController" message="Entrou no Get All" exception=""
datetime="2023-03-08 04:33:31.9369" eventId=0 logLevel="INFO" logger="PedeLogo.Catalogo.Api.Controllers.ProdutoController" message="Entrou no Get All" exception=""
datetime="2023-03-08 04:33:33.0776" eventId=0 logLevel="INFO" logger="PedeLogo.Catalogo.Api.Controllers.ProdutoController" message="Entrou no Get All" exception=""
datetime="2023-03-08 04:33:34.2312" eventId=0 logLevel="INFO" logger="PedeLogo.Catalogo.Api.Controllers.ProdutoController" message="Entrou no Get All" exception=""
datetime="2023-03-08 04:33:35.3661" eventId=0 logLevel="INFO" logger="PedeLogo.Catalogo.Api.Controllers.ProdutoController" message="Entrou no Get All" exception=""
datetime="2023-03-08 04:33:36.4940" eventId=0 logLevel="INFO" logger="PedeLogo.Catalogo.Api.Controllers.ProdutoController" message="Entrou no Get All" exception=""
datetime="2023-03-08 04:33:37.6256" eventId=0 logLevel="INFO" logger="PedeLogo.Catalogo.Api.Controllers.ProdutoController" message="Entrou no Get All" exception=""
datetime="2023-03-08 04:33:38.7621" eventId=0 logLevel="INFO" logger="PedeLogo.Catalogo.Api.Controllers.ProdutoController" message="Entrou no Get All" exception=""
datetime="2023-03-08 04:33:39.8909" eventId=0 logLevel="INFO" logger="PedeLogo.Catalogo.Api.Controllers.ProdutoController" message="Entrou no Get All" exception=""
datetime="2023-03-08 04:33:41.0460" eventId=0 logLevel="INFO" logger="PedeLogo.Catalogo.Api.Controllers.ProdutoController" message="Entrou no Get All" exception=""
datetime="2023-03-08 04:33:42.1984" eventId=0 logLevel="INFO" logger="PedeLogo.Catalogo.Api.Controllers.ProdutoController" message="Entrou no Get All" exception=""
datetime="2023-03-08 04:33:43.3243" eventId=0 logLevel="INFO" logger="PedeLogo.Catalogo.Api.Controllers.ProdutoController" message="Entrou no Get All" exception=""
datetime="2023-03-08 04:33:44.4754" eventId=0 logLevel="INFO" logger="PedeLogo.Catalogo.Api.Controllers.ProdutoController" message="Entrou no Get All" exception=""
datetime="2023-03-08 04:33:45.6191" eventId=0 logLevel="INFO" logger="PedeLogo.Catalogo.Api.Controllers.ProdutoController" message="Entrou no Get All" exception=""
datetime="2023-03-08 04:33:46.7711" eventId=0 logLevel="INFO" logger="PedeLogo.Catalogo.Api.Controllers.ProdutoController" message="Entrou no Get All" exception=""
datetime="2023-03-08 04:33:47.8884" eventId=0 logLevel="INFO" logger="PedeLogo.Catalogo.Api.Controllers.ProdutoController" message="Entrou no Get All" exception=""
datetime="2023-03-08 04:33:49.0438" eventId=0 logLevel="INFO" logger="PedeLogo.Catalogo.Api.Controllers.ProdutoController" message="Entrou no Get All" exception=""
datetime="2023-03-08 04:33:50.1940" eventId=0 logLevel="INFO" logger="PedeLogo.Catalogo.Api.Controllers.ProdutoController" message="Entrou no Get All" exception=""
datetime="2023-03-08 04:33:51.3153" eventId=0 logLevel="INFO" logger="PedeLogo.Catalogo.Api.Controllers.ProdutoController" message="Entrou no Get All" exception=""
datetime="2023-03-08 04:33:52.4488" eventId=0 logLevel="INFO" logger="PedeLogo.Catalogo.Api.Controllers.ProdutoController" message="Entrou no Get All" exception=""
datetime="2023-03-08 04:33:53.5923" eventId=0 logLevel="INFO" logger="PedeLogo.Catalogo.Api.Controllers.ProdutoController" message="Entrou no Get All" exception=""
datetime="2023-03-08 04:33:54.7564" eventId=0 logLevel="INFO" logger="PedeLogo.Catalogo.Api.Controllers.ProdutoController" message="Entrou no Get All" exception=""
datetime="2023-03-08 04:33:55.8971" eventId=0 logLevel="INFO" logger="PedeLogo.Catalogo.Api.Controllers.ProdutoController" message="Entrou no Get All" exception=""
datetime="2023-03-08 04:33:57.0432" eventId=0 logLevel="INFO" logger="PedeLogo.Catalogo.Api.Controllers.ProdutoController" message="Entrou no Get All" exception=""
datetime="2023-03-08 04:33:58.1989" eventId=0 logLevel="INFO" logger="PedeLogo.Catalogo.Api.Controllers.ProdutoController" message="Entrou no Get All" exception=""
datetime="2023-03-08 04:33:59.3574" eventId=0 logLevel="INFO" logger="PedeLogo.Catalogo.Api.Controllers.ProdutoController" message="Entrou no Get All" exception=""
datetime="2023-03-08 04:34:00.5038" eventId=0 logLevel="INFO" logger="PedeLogo.Catalogo.Api.Controllers.ProdutoController" message="Entrou no Get All" exception=""
datetime="2023-03-08 04:34:01.6442" eventId=0 logLevel="INFO" logger="PedeLogo.Catalogo.Api.Controllers.ProdutoController" message="Entrou no Get All" exception=""
datetime="2023-03-08 04:34:02.7870" eventId=0 logLevel="INFO" logger="PedeLogo.Catalogo.Api.Controllers.ProdutoController" message="Entrou no Get All" exception=""
datetime="2023-03-08 04:34:03.9213" eventId=0 logLevel="INFO" logger="PedeLogo.Catalogo.Api.Controllers.ProdutoController" message="Entrou no Get All" exception=""
datetime="2023-03-08 04:34:05.0709" eventId=0 logLevel="INFO" logger="PedeLogo.Catalogo.Api.Controllers.ProdutoController" message="Entrou no Get All" exception=""
datetime="2023-03-08 04:34:06.2151" eventId=0 logLevel="INFO" logger="PedeLogo.Catalogo.Api.Controllers.ProdutoController" message="Entrou no Get All" exception=""
datetime="2023-03-08 04:34:07.3587" eventId=0 logLevel="INFO" logger="PedeLogo.Catalogo.Api.Controllers.ProdutoController" message="Entrou no Get All" exception=""
datetime="2023-03-08 04:34:08.4924" eventId=0 logLevel="INFO" logger="PedeLogo.Catalogo.Api.Controllers.ProdutoController" message="Entrou no Get All" exception=""
datetime="2023-03-08 04:34:09.6391" eventId=0 logLevel="INFO" logger="PedeLogo.Catalogo.Api.Controllers.ProdutoController" message="Entrou no Get All" exception=""
datetime="2023-03-08 04:34:10.7887" eventId=0 logLevel="INFO" logger="PedeLogo.Catalogo.Api.Controllers.ProdutoController" message="Entrou no Get All" exception=""
datetime="2023-03-08 04:34:11.9166" eventId=0 logLevel="INFO" logger="PedeLogo.Catalogo.Api.Controllers.ProdutoController" message="Entrou no Get All" exception=""
datetime="2023-03-08 04:34:13.0526" eventId=0 logLevel="INFO" logger="PedeLogo.Catalogo.Api.Controllers.ProdutoController" message="Entrou no Get All" exception=""
datetime="2023-03-08 04:34:14.1954" eventId=0 logLevel="INFO" logger="PedeLogo.Catalogo.Api.Controllers.ProdutoController" message="Entrou no Get All" exception=""
datetime="2023-03-08 04:34:15.3128" eventId=0 logLevel="INFO" logger="PedeLogo.Catalogo.Api.Controllers.ProdutoController" message="Entrou no Get All" exception=""
datetime="2023-03-08 04:34:16.4662" eventId=0 logLevel="INFO" logger="PedeLogo.Catalogo.Api.Controllers.ProdutoController" message="Entrou no Get All" exception=""
datetime="2023-03-08 04:34:17.6059" eventId=0 logLevel="INFO" logger="PedeLogo.Catalogo.Api.Controllers.ProdutoController" message="Entrou no Get All" exception=""
datetime="2023-03-08 04:34:18.7547" eventId=0 logLevel="INFO" logger="PedeLogo.Catalogo.Api.Controllers.ProdutoController" message="Entrou no Get All" exception=""
datetime="2023-03-08 04:34:19.8962" eventId=0 logLevel="INFO" logger="PedeLogo.Catalogo.Api.Controllers.ProdutoController" message="Entrou no Get All" exception=""
datetime="2023-03-08 04:34:21.0331" eventId=0 logLevel="INFO" logger="PedeLogo.Catalogo.Api.Controllers.ProdutoController" message="Entrou no Get All" exception=""
datetime="2023-03-08 04:34:22.1805" eventId=0 logLevel="INFO" logger="PedeLogo.Catalogo.Api.Controllers.ProdutoController" message="Entrou no Get All" exception=""
datetime="2023-03-08 04:34:23.3164" eventId=0 logLevel="INFO" logger="PedeLogo.Catalogo.Api.Controllers.ProdutoController" message="Entrou no Get All" exception=""
datetime="2023-03-08 04:34:24.4629" eventId=0 logLevel="INFO" logger="PedeLogo.Catalogo.Api.Controllers.ProdutoController" message="Entrou no Get All" exception=""
datetime="2023-03-08 04:34:25.6081" eventId=0 logLevel="INFO" logger="PedeLogo.Catalogo.Api.Controllers.ProdutoController" message="Entrou no Get All" exception=""
datetime="2023-03-08 04:34:26.7573" eventId=0 logLevel="INFO" logger="PedeLogo.Catalogo.Api.Controllers.ProdutoController" message="Entrou no Get All" exception=""
datetime="2023-03-08 04:34:27.8904" eventId=0 logLevel="INFO" logger="PedeLogo.Catalogo.Api.Controllers.ProdutoController" message="Entrou no Get All" exception=""
datetime="2023-03-08 04:34:29.0417" eventId=0 logLevel="INFO" logger="PedeLogo.Catalogo.Api.Controllers.ProdutoController" message="Entrou no Get All" exception=""
datetime="2023-03-08 04:34:30.1935" eventId=0 logLevel="INFO" logger="PedeLogo.Catalogo.Api.Controllers.ProdutoController" message="Entrou no Get All" exception=""
datetime="2023-03-08 04:34:31.3582" eventId=0 logLevel="INFO" logger="PedeLogo.Catalogo.Api.Controllers.ProdutoController" message="Entrou no Get All" exception=""
datetime="2023-03-08 04:34:32.5310" eventId=0 logLevel="INFO" logger="PedeLogo.Catalogo.Api.Controllers.ProdutoController" message="Entrou no Get All" exception=""
datetime="2023-03-08 04:34:33.6577" eventId=0 logLevel="INFO" logger="PedeLogo.Catalogo.Api.Controllers.ProdutoController" message="Entrou no Get All" exception=""
datetime="2023-03-08 04:34:59.5890" eventId=0 logLevel="DEBUG" logger="PedeLogo.Catalogo.Api.Program" message="init main" exception=""
datetime="2023-03-08 04:34:59.8997" eventId=0 logLevel="INFO" logger="Microsoft.Hosting.Lifetime" message="Now listening on: http://[::]:80" exception=""
datetime="2023-03-08 04:34:59.9175" eventId=0 logLevel="INFO" logger="Microsoft.Hosting.Lifetime" message="Application started. Press Ctrl+C to shut down." exception=""
datetime="2023-03-08 04:34:59.9280" eventId=0 logLevel="INFO" logger="Microsoft.Hosting.Lifetime" message="Hosting environment: Production" exception=""
datetime="2023-03-08 04:34:59.9368" eventId=0 logLevel="INFO" logger="Microsoft.Hosting.Lifetime" message="Content root path: /app" exception=""
